19:24:24.818 [main] INFO  esp.genericLibraries.BaseClass - The page title is :--Hire Summary for Karan Test (#EM851101)
19:24:25.669 [main] INFO  esp.genericLibraries.BaseClass - *****************Logout from the application***************
19:24:25.671 [main] INFO  esp.genericLibraries.BaseClass - ******************Login to the application********************
19:24:28.495 [main] INFO  esp.genericLibraries.BaseClass - ----------addPersonalEmailAndVerify Test Started---------
19:24:32.237 [main] INFO  esp.genericLibraries.BaseClass - *****************Logout from the application***************
19:24:33.046 [main] INFO  esp.genericLibraries.BaseClass - **********Closing the Browser**********
19:33:50.844 [main] INFO  esp.genericLibraries.BaseClass - *****************Launching the Browser*************************
19:33:57.531 [main] INFO  esp.genericLibraries.BaseClass - ******************Login to the application********************
19:34:02.048 [main] DEBUG esp.genericLibraries.BaseClass - ---------submit New Hire Form and validate all mandatory fields are selected----------
19:34:53.329 [main] INFO  esp.genericLibraries.BaseClass - The page title is :--Hire Summary for Karan Test (#EM851101)
19:34:53.878 [main] INFO  esp.genericLibraries.BaseClass - *****************Logout from the application***************
19:34:54.656 [main] INFO  esp.genericLibraries.BaseClass - **********Closing the Browser**********
16:55:55.660 [main] INFO  esp.genericLibraries.BaseClass - *****************Launching the Browser*************************
16:56:13.353 [main] INFO  esp.genericLibraries.BaseClass - ******************Login to the application********************
16:56:20.772 [main] DEBUG esp.genericLibraries.BaseClass - ---------submit New Hire Form and validate all mandatory fields are selected----------
16:57:58.074 [main] INFO  esp.genericLibraries.BaseClass - The page title is :--Hire Summary for Tarun Test (#0002222)
16:57:58.720 [main] INFO  esp.genericLibraries.BaseClass - *****************Logout from the application***************
16:58:00.587 [main] INFO  esp.genericLibraries.BaseClass - **********Closing the Browser**********
17:03:39.814 [main] INFO  esp.genericLibraries.BaseClass - *****************Launching the Browser*************************
17:03:46.952 [main] INFO  esp.genericLibraries.BaseClass - ******************Login to the application********************
17:03:55.207 [main] DEBUG esp.genericLibraries.BaseClass - ---------submit New Hire Form and validate all mandatory fields are selected----------
17:04:27.086 [main] INFO  esp.genericLibraries.BaseClass - *****************Logout from the application***************
17:04:28.332 [main] INFO  esp.genericLibraries.BaseClass - **********Closing the Browser**********
17:06:11.666 [main] INFO  esp.genericLibraries.BaseClass - *****************Launching the Browser*************************
17:06:18.278 [main] INFO  esp.genericLibraries.BaseClass - ******************Login to the application********************
17:06:24.422 [main] DEBUG esp.genericLibraries.BaseClass - ---------submit New Hire Form and validate all mandatory fields are selected----------
17:06:56.197 [main] INFO  esp.genericLibraries.BaseClass - *****************Logout from the application***************
17:06:57.122 [main] INFO  esp.genericLibraries.BaseClass - **********Closing the Browser**********
17:07:29.699 [main] INFO  esp.genericLibraries.BaseClass - *****************Launching the Browser*************************
17:07:36.318 [main] INFO  esp.genericLibraries.BaseClass - ******************Login to the application********************
17:07:43.262 [main] DEBUG esp.genericLibraries.BaseClass - ---------submit New Hire Form and validate all mandatory fields are selected----------
17:09:08.023 [main] INFO  esp.genericLibraries.BaseClass - The page title is :--Hire Summary for Tarun Test (#0002223)
17:09:08.888 [main] INFO  esp.genericLibraries.BaseClass - *****************Logout from the application***************
17:09:09.746 [main] INFO  esp.genericLibraries.BaseClass - **********Closing the Browser**********
17:21:40.404 [main] INFO  esp.genericLibraries.BaseClass - *****************Launching the Browser*************************
17:21:47.277 [main] INFO  esp.genericLibraries.BaseClass - ******************Login to the application********************
17:21:52.240 [main] DEBUG esp.genericLibraries.BaseClass - ---------submit New Hire Form and validate all mandatory fields are selected----------
17:23:16.769 [main] INFO  esp.genericLibraries.BaseClass - The page title is :--Hire Summary for Madan Test (#0002225)
17:23:17.562 [main] INFO  esp.genericLibraries.BaseClass - *****************Logout from the application***************
17:23:18.368 [main] INFO  esp.genericLibraries.BaseClass - **********Closing the Browser**********
20:27:29.813 [main] INFO  esp.genericLibraries.BaseClass - *****************Launching the Browser*************************
20:27:36.589 [main] INFO  esp.genericLibraries.BaseClass - ******************Login to the application********************
