17:13:33.383 [main] INFO  esp.genericLibraries.BaseClass - *****************Launching the Browser*************************
17:13:40.155 [main] INFO  esp.genericLibraries.BaseClass - ******************Login to the application********************
17:13:47.992 [main] INFO  esp.genericLibraries.BaseClass - *****************Logout from the application***************
17:13:54.225 [main] INFO  esp.genericLibraries.BaseClass - **********Closing the Browser**********
17:14:23.029 [main] INFO  esp.genericLibraries.BaseClass - *****************Launching the Browser*************************
17:14:30.999 [main] INFO  esp.genericLibraries.BaseClass - ******************Login to the application********************
17:24:38.653 [main] INFO  esp.genericLibraries.BaseClass - *****************Launching the Browser*************************
17:24:45.396 [main] INFO  esp.genericLibraries.BaseClass - ******************Login to the application********************
17:30:16.958 [main] INFO  esp.genericLibraries.BaseClass - *****************Launching the Browser*************************
17:30:23.735 [main] INFO  esp.genericLibraries.BaseClass - ******************Login to the application********************
17:32:52.573 [main] INFO  esp.genericLibraries.BaseClass - *****************Launching the Browser*************************
17:32:59.922 [main] INFO  esp.genericLibraries.BaseClass - ******************Login to the application********************
06:54:08.356 [main] INFO  esp.genericLibraries.BaseClass - *****************Launching the Browser*************************
06:54:34.449 [main] INFO  esp.genericLibraries.BaseClass - ******************Login to the application********************
06:56:42.351 [main] INFO  esp.genericLibraries.BaseClass - *****************Launching the Browser*************************
06:56:54.410 [main] INFO  esp.genericLibraries.BaseClass - ******************Login to the application********************
06:59:59.672 [main] INFO  esp.genericLibraries.BaseClass - *****************Launching the Browser*************************
07:00:07.025 [main] INFO  esp.genericLibraries.BaseClass - ******************Login to the application********************
07:02:32.646 [main] INFO  esp.genericLibraries.BaseClass - *****************Launching the Browser*************************
07:02:39.844 [main] INFO  esp.genericLibraries.BaseClass - ******************Login to the application********************
07:02:44.222 [main] DEBUG esp.genericLibraries.BaseClass - -------printAndVerifyAdminValues : Test Started-------
07:02:46.491 [main] INFO  esp.genericLibraries.BaseClass - *****************Logout from the application***************
07:02:52.093 [main] INFO  esp.genericLibraries.BaseClass - **********Closing the Browser**********
07:04:59.439 [main] INFO  esp.genericLibraries.BaseClass - *****************Launching the Browser*************************
07:05:07.439 [main] INFO  esp.genericLibraries.BaseClass - ******************Login to the application********************
07:05:11.424 [main] DEBUG esp.genericLibraries.BaseClass - -------printAndVerifyAdminValues : Test Started-------
07:05:13.279 [main] INFO  esp.genericLibraries.BaseClass - *****************Logout from the application***************
07:05:20.405 [main] INFO  esp.genericLibraries.BaseClass - **********Closing the Browser**********
07:13:52.104 [main] INFO  esp.genericLibraries.BaseClass - *****************Launching the Browser*************************
07:13:59.302 [main] INFO  esp.genericLibraries.BaseClass - ******************Login to the application********************
07:14:03.816 [main] DEBUG esp.genericLibraries.BaseClass - -------printAndVerifyAdminValues : Test Started-------
07:14:05.520 [main] INFO  esp.genericLibraries.BaseClass - *****************Logout from the application***************
07:14:12.618 [main] INFO  esp.genericLibraries.BaseClass - **********Closing the Browser**********
07:17:06.310 [main] INFO  esp.genericLibraries.BaseClass - *****************Launching the Browser*************************
07:17:13.525 [main] INFO  esp.genericLibraries.BaseClass - ******************Login to the application********************
07:17:18.020 [main] DEBUG esp.genericLibraries.BaseClass - -------printAndVerifyAdminValues : Test Started-------
07:17:19.657 [main] INFO  esp.genericLibraries.BaseClass - *****************Logout from the application***************
07:17:25.546 [main] INFO  esp.genericLibraries.BaseClass - **********Closing the Browser**********
07:18:34.351 [main] INFO  esp.genericLibraries.BaseClass - *****************Launching the Browser*************************
07:18:41.048 [main] INFO  esp.genericLibraries.BaseClass - ******************Login to the application********************
07:18:45.625 [main] DEBUG esp.genericLibraries.BaseClass - -------printAndVerifyAdminValues : Test Started-------
07:18:47.607 [main] INFO  esp.genericLibraries.BaseClass - *****************Logout from the application***************
