15:15:37.122 [main] INFO  esp.genericLibraries.BaseClass - *****************Logout from the application***************
15:15:37.127 [main] INFO  esp.genericLibraries.BaseClass - ******************Login to the application********************
15:15:38.102 [main] DEBUG com.newHire.NewHireTest - ------Verify error for not picking FTE Equivalent:-test started--------
15:15:40.535 [main] DEBUG com.newHire.NewHireTest - Expected error message is :FTE Equivalent(Weekly Hours) cannot be empty
15:15:40.581 [main] DEBUG com.newHire.NewHireTest - -------Validate the error message----------
15:15:40.581 [main] DEBUG com.newHire.NewHireTest -                 
15:15:40.582 [main] INFO  com.newHire.NewHireTest - Actual error message is :FTE Equivalent(Weekly Hours) cannot be empty
15:15:40.599 [main] INFO  com.newHire.NewHireTest - ------Verify error for not picking FTE Equivalent:-test ended--------
15:15:41.099 [main] INFO  esp.genericLibraries.BaseClass - *****************Logout from the application***************
15:15:41.099 [main] INFO  esp.genericLibraries.BaseClass - ******************Login to the application********************
15:15:42.092 [main] DEBUG com.newHire.NewHireTest - --------Verify error message for not picking Legal Entity:-test started----------
15:15:44.936 [main] DEBUG com.newHire.NewHireTest - Expected error message is :Legal Entity cannot be empty
15:15:44.977 [main] DEBUG com.newHire.NewHireTest -                 
15:15:44.977 [main] DEBUG com.newHire.NewHireTest - ---------Validate the error message----------
15:15:44.977 [main] DEBUG com.newHire.NewHireTest -                 
15:15:44.977 [main] INFO  com.newHire.NewHireTest - Actual error message is :Legal Entity cannot be empty
15:15:44.977 [main] DEBUG com.newHire.NewHireTest - --------Verify error message for not picking Legal Entity:-test ended----------
15:15:45.441 [main] INFO  esp.genericLibraries.BaseClass - *****************Logout from the application***************
15:15:45.457 [main] INFO  esp.genericLibraries.BaseClass - ******************Login to the application********************
15:15:46.356 [main] DEBUG com.newHire.NewHireTest - --------Verify error for not picking location:-test started----------
15:15:48.442 [main] DEBUG com.newHire.NewHireTest - Expected error message is :Location cannot be empty
15:15:48.457 [main] DEBUG com.newHire.NewHireTest -                 
15:15:48.458 [main] DEBUG com.newHire.NewHireTest - -------Validate the error message-------
15:15:48.458 [main] DEBUG com.newHire.NewHireTest -                 
15:15:48.458 [main] INFO  com.newHire.NewHireTest - Actual error message is :Location cannot be empty
15:15:48.458 [main] INFO  com.newHire.NewHireTest - --------Verify error for not picking location:-test ended----------
15:15:48.885 [main] INFO  esp.genericLibraries.BaseClass - *****************Logout from the application***************
15:15:48.886 [main] INFO  esp.genericLibraries.BaseClass - ******************Login to the application********************
15:15:49.944 [main] DEBUG com.newHire.NewHireTest - ------Verify error for picking DOB < 18 years:-test started-----
15:16:03.927 [main] DEBUG com.newHire.NewHireTest - Error message should be displayed as :DOB should be greater than 18 years.
15:16:03.927 [main] DEBUG com.newHire.NewHireTest -                  
15:16:03.927 [main] DEBUG com.newHire.NewHireTest - ----------Validate error message------------
15:16:04.005 [main] DEBUG com.newHire.NewHireTest -                    
15:16:04.005 [main] INFO  com.newHire.NewHireTest - Test case is passed
15:16:04.005 [main] INFO  com.newHire.NewHireTest - ------Verify error for picking DOB < 18 years:-test ended-----
15:16:04.539 [main] INFO  esp.genericLibraries.BaseClass - *****************Logout from the application***************
15:16:04.539 [main] INFO  esp.genericLibraries.BaseClass - ******************Login to the application********************
15:16:05.514 [main] DEBUG com.newHire.NewHireTest - ---------Verify error message for keeping first name blank:- test started------------
15:16:07.885 [main] INFO  com.newHire.NewHireTest - Expected error message is :First Name cannot be empty
15:16:07.923 [main] DEBUG com.newHire.NewHireTest - *******Validate the error message********
15:16:07.923 [main] INFO  com.newHire.NewHireTest -                 
15:16:07.923 [main] INFO  com.newHire.NewHireTest - ---------Verify error message for keeping first name blank:- test ended------------
15:16:08.404 [main] INFO  esp.genericLibraries.BaseClass - *****************Logout from the application***************
15:16:08.404 [main] INFO  esp.genericLibraries.BaseClass - ******************Login to the application********************
15:16:09.298 [main] DEBUG com.newHire.NewHireTest - ------Verify error message for keeping last name blank :-test started--------
15:16:11.318 [main] DEBUG com.newHire.NewHireTest - Expected error message is :First Name cannot be empty
15:16:11.360 [main] DEBUG com.newHire.NewHireTest - *******Validate the error message********
15:16:11.921 [main] INFO  esp.genericLibraries.BaseClass - *****************Logout from the application***************
