15:49:16.787 [main] INFO  esp.genericLibraries.BaseClass - **********Closing the Browser**********
15:52:24.794 [main] INFO  esp.genericLibraries.BaseClass - *****************Launching the Browser*************************
15:52:31.775 [main] INFO  esp.genericLibraries.BaseClass - ******************Login to the application********************
15:53:51.546 [main] INFO  esp.genericLibraries.BaseClass - *****************Launching the Browser*************************
15:53:58.437 [main] INFO  esp.genericLibraries.BaseClass - ******************Login to the application********************
15:54:05.696 [main] DEBUG esp.genericLibraries.BaseClass - ---------submit New Hire Form and validate all mandatory fields are selected----------
15:55:31.710 [main] INFO  esp.genericLibraries.BaseClass - The page title is :--Hire Summary for Prakash Sinha (#0001118)
15:55:32.630 [main] INFO  esp.genericLibraries.BaseClass - *****************Logout from the application***************
15:55:33.459 [main] INFO  esp.genericLibraries.BaseClass - **********Closing the Browser**********
16:03:38.108 [main] INFO  esp.genericLibraries.BaseClass - *****************Launching the Browser*************************
16:03:44.973 [main] INFO  esp.genericLibraries.BaseClass - ******************Login to the application********************
16:03:50.921 [main] DEBUG esp.genericLibraries.BaseClass - ---------submit New Hire Form and validate all mandatory fields are selected----------
16:04:47.854 [main] INFO  esp.genericLibraries.BaseClass - *****************Logout from the application***************
16:04:48.785 [main] INFO  esp.genericLibraries.BaseClass - **********Closing the Browser**********
16:08:50.392 [main] INFO  esp.genericLibraries.BaseClass - *****************Launching the Browser*************************
16:08:57.174 [main] INFO  esp.genericLibraries.BaseClass - ******************Login to the application********************
16:09:05.580 [main] DEBUG esp.genericLibraries.BaseClass - ---------submit New Hire Form and validate all mandatory fields are selected----------
16:10:04.033 [main] INFO  esp.genericLibraries.BaseClass - *****************Logout from the application***************
16:10:04.852 [main] INFO  esp.genericLibraries.BaseClass - **********Closing the Browser**********
16:11:17.248 [main] INFO  esp.genericLibraries.BaseClass - *****************Launching the Browser*************************
16:11:55.143 [main] INFO  esp.genericLibraries.BaseClass - *****************Launching the Browser*************************
16:12:01.912 [main] INFO  esp.genericLibraries.BaseClass - ******************Login to the application********************
16:12:37.761 [main] INFO  esp.genericLibraries.BaseClass - *****************Launching the Browser*************************
16:12:45.080 [main] INFO  esp.genericLibraries.BaseClass - ******************Login to the application********************
16:12:51.153 [main] DEBUG esp.genericLibraries.BaseClass - ---------submit New Hire Form and validate all mandatory fields are selected----------
16:14:43.866 [main] INFO  esp.genericLibraries.BaseClass - *****************Logout from the application***************
16:14:44.661 [main] INFO  esp.genericLibraries.BaseClass - **********Closing the Browser**********
16:15:58.130 [main] INFO  esp.genericLibraries.BaseClass - *****************Launching the Browser*************************
16:16:05.045 [main] INFO  esp.genericLibraries.BaseClass - ******************Login to the application********************
16:16:16.309 [main] DEBUG esp.genericLibraries.BaseClass - ---------submit New Hire Form and validate all mandatory fields are selected----------
16:20:11.682 [main] INFO  esp.genericLibraries.BaseClass - *****************Launching the Browser*************************
16:20:18.636 [main] INFO  esp.genericLibraries.BaseClass - ******************Login to the application********************
16:20:46.310 [main] INFO  esp.genericLibraries.BaseClass - *****************Launching the Browser*************************
16:20:53.363 [main] INFO  esp.genericLibraries.BaseClass - ******************Login to the application********************
16:21:12.211 [main] DEBUG esp.genericLibraries.BaseClass - ---------submit New Hire Form and validate all mandatory fields are selected----------
16:23:42.198 [main] INFO  esp.genericLibraries.BaseClass - *****************Logout from the application***************
16:23:42.997 [main] INFO  esp.genericLibraries.BaseClass - **********Closing the Browser**********
16:24:27.917 [main] INFO  esp.genericLibraries.BaseClass - *****************Launching the Browser*************************
16:24:34.785 [main] INFO  esp.genericLibraries.BaseClass - ******************Login to the application********************
16:25:47.967 [main] INFO  esp.genericLibraries.BaseClass - *****************Launching the Browser*************************
16:25:55.087 [main] INFO  esp.genericLibraries.BaseClass - ******************Login to the application********************
16:26:07.227 [main] DEBUG esp.genericLibraries.BaseClass - ---------submit New Hire Form and validate all mandatory fields are selected----------
