17:49:49.320 [main] INFO  esp.genericLibraries.BaseClass - ******************Login to the application********************
17:49:50.476 [main] DEBUG esp.genericLibraries.BaseClass - -------Mark attendance : test started--------
17:49:51.082 [main] DEBUG esp.genericLibraries.BaseClass - -------Mark attendance : test ended--------
17:49:51.847 [main] INFO  esp.genericLibraries.BaseClass - *****************Logout from the application***************
17:49:53.888 [main] INFO  esp.genericLibraries.BaseClass - **********Closing the Browser**********
17:50:31.531 [main] INFO  esp.genericLibraries.BaseClass - *****************Launching the Browser*************************
17:50:38.627 [main] INFO  esp.genericLibraries.BaseClass - ******************Login to the application********************
17:50:42.123 [main] DEBUG esp.genericLibraries.BaseClass - -------Mark attendance : test started--------
17:50:42.959 [main] DEBUG esp.genericLibraries.BaseClass - -------Mark attendance : test ended--------
17:50:43.693 [main] INFO  esp.genericLibraries.BaseClass - *****************Logout from the application***************
17:50:43.696 [main] INFO  esp.genericLibraries.BaseClass - ******************Login to the application********************
17:50:45.305 [main] DEBUG esp.genericLibraries.BaseClass - ---------submit New Hire FormAnd Validate Activate Button:- test started----------
17:51:53.097 [main] INFO  esp.genericLibraries.BaseClass - *****************Launching the Browser*************************
17:52:00.135 [main] INFO  esp.genericLibraries.BaseClass - ******************Login to the application********************
17:52:03.255 [main] DEBUG esp.genericLibraries.BaseClass - -------Mark attendance : test started--------
17:52:03.795 [main] DEBUG esp.genericLibraries.BaseClass - -------Mark attendance : test ended--------
17:52:04.673 [main] INFO  esp.genericLibraries.BaseClass - *****************Logout from the application***************
17:52:04.677 [main] INFO  esp.genericLibraries.BaseClass - ******************Login to the application********************
17:52:05.912 [main] DEBUG esp.genericLibraries.BaseClass - ---------submit New Hire FormAnd Validate Activate Button:- test started----------
17:54:29.429 [main] INFO  esp.genericLibraries.BaseClass - *****************Logout from the application***************
17:54:31.001 [main] INFO  esp.genericLibraries.BaseClass - **********Closing the Browser**********
17:56:04.059 [main] INFO  esp.genericLibraries.BaseClass - *****************Launching the Browser*************************
17:56:11.120 [main] INFO  esp.genericLibraries.BaseClass - ******************Login to the application********************
17:56:14.282 [main] DEBUG esp.genericLibraries.BaseClass - ---------submit New Hire FormAnd Validate Activate Button:- test started----------
18:16:23.517 [main] INFO  esp.genericLibraries.BaseClass - *****************Launching the Browser*************************
18:16:50.722 [main] INFO  esp.genericLibraries.BaseClass - ******************Login to the application********************
18:16:56.359 [main] DEBUG esp.genericLibraries.BaseClass - ---------submit New Hire FormAnd Validate Activate Button:- test started----------
18:17:29.796 [main] INFO  esp.genericLibraries.BaseClass - *****************Logout from the application***************
18:17:32.608 [main] INFO  esp.genericLibraries.BaseClass - **********Closing the Browser**********
18:21:44.618 [main] INFO  esp.genericLibraries.BaseClass - *****************Launching the Browser*************************
18:21:53.109 [main] INFO  esp.genericLibraries.BaseClass - ******************Login to the application********************
18:21:57.206 [main] DEBUG esp.genericLibraries.BaseClass - ---------submit New Hire FormAnd Validate Activate Button:- test started----------
18:24:23.164 [main] INFO  esp.genericLibraries.BaseClass - *****************Logout from the application***************
18:24:25.131 [main] INFO  esp.genericLibraries.BaseClass - **********Closing the Browser**********
18:30:35.616 [main] INFO  esp.genericLibraries.BaseClass - *****************Launching the Browser*************************
18:30:42.242 [main] INFO  esp.genericLibraries.BaseClass - ******************Login to the application********************
18:30:45.935 [main] DEBUG esp.genericLibraries.BaseClass - ---------submit New Hire FormAnd Validate Activate Button:- test started----------
18:32:39.390 [main] INFO  esp.genericLibraries.BaseClass - *****************Logout from the application***************
18:32:41.595 [main] INFO  esp.genericLibraries.BaseClass - **********Closing the Browser**********
18:33:38.288 [main] INFO  esp.genericLibraries.BaseClass - *****************Launching the Browser*************************
18:33:44.822 [main] INFO  esp.genericLibraries.BaseClass - ******************Login to the application********************
18:33:48.019 [main] DEBUG esp.genericLibraries.BaseClass - ---------submit New Hire FormAnd Validate Activate Button:- test started----------
