17:04:34.117 [main] INFO  esp.genericLibraries.BaseClass - **********Closing the Browser**********
17:08:17.315 [main] INFO  esp.genericLibraries.BaseClass - *****************Launching the Browser*************************
17:08:24.254 [main] INFO  esp.genericLibraries.BaseClass - ******************Login to the application********************
17:08:27.994 [main] DEBUG esp.genericLibraries.BaseClass - ---------submit New Hire Form and validate all mandatory fields are selected----------
17:10:15.996 [main] INFO  esp.genericLibraries.BaseClass - *****************Logout from the application***************
17:10:16.910 [main] INFO  esp.genericLibraries.BaseClass - **********Closing the Browser**********
17:17:23.449 [main] INFO  esp.genericLibraries.BaseClass - *****************Launching the Browser*************************
17:17:30.398 [main] INFO  esp.genericLibraries.BaseClass - ******************Login to the application********************
17:17:34.359 [main] DEBUG esp.genericLibraries.BaseClass - ---------submit New Hire Form and validate all mandatory fields are selected----------
17:19:38.690 [main] INFO  esp.genericLibraries.BaseClass - *****************Launching the Browser*************************
17:19:45.387 [main] INFO  esp.genericLibraries.BaseClass - ******************Login to the application********************
17:28:09.300 [main] INFO  esp.genericLibraries.BaseClass - *****************Launching the Browser*************************
17:28:16.169 [main] INFO  esp.genericLibraries.BaseClass - ******************Login to the application********************
17:29:28.327 [main] DEBUG esp.genericLibraries.BaseClass - ---------submit New Hire Form and validate all mandatory fields are selected----------
17:31:23.814 [main] INFO  esp.genericLibraries.BaseClass - *****************Logout from the application***************
17:31:24.688 [main] INFO  esp.genericLibraries.BaseClass - **********Closing the Browser**********
17:41:43.378 [main] INFO  esp.genericLibraries.BaseClass - *****************Launching the Browser*************************
17:41:50.386 [main] INFO  esp.genericLibraries.BaseClass - ******************Login to the application********************
17:41:53.852 [main] DEBUG esp.genericLibraries.BaseClass - ---------submit New Hire Form and validate all mandatory fields are selected----------
17:43:55.856 [main] INFO  esp.genericLibraries.BaseClass - *****************Logout from the application***************
17:43:56.777 [main] INFO  esp.genericLibraries.BaseClass - **********Closing the Browser**********
19:03:06.959 [main] INFO  esp.genericLibraries.BaseClass - *****************Launching the Browser*************************
19:03:16.063 [main] INFO  esp.genericLibraries.BaseClass - ******************Login to the application********************
19:03:21.671 [main] DEBUG esp.genericLibraries.BaseClass - ---------submit New Hire Form and validate all mandatory fields are selected----------
19:03:41.547 [main] INFO  esp.genericLibraries.BaseClass - *****************Logout from the application***************
19:03:42.796 [main] INFO  esp.genericLibraries.BaseClass - **********Closing the Browser**********
19:06:47.820 [main] INFO  esp.genericLibraries.BaseClass - *****************Launching the Browser*************************
19:06:55.068 [main] INFO  esp.genericLibraries.BaseClass - ******************Login to the application********************
19:06:59.339 [main] DEBUG esp.genericLibraries.BaseClass - ---------submit New Hire Form and validate all mandatory fields are selected----------
19:07:06.396 [main] INFO  esp.genericLibraries.BaseClass - *****************Logout from the application***************
19:07:07.180 [main] INFO  esp.genericLibraries.BaseClass - **********Closing the Browser**********
19:11:09.327 [main] INFO  esp.genericLibraries.BaseClass - *****************Launching the Browser*************************
19:11:16.473 [main] INFO  esp.genericLibraries.BaseClass - ******************Login to the application********************
19:11:20.597 [main] DEBUG esp.genericLibraries.BaseClass - ---------submit New Hire Form and validate all mandatory fields are selected----------
19:11:28.008 [main] INFO  esp.genericLibraries.BaseClass - *****************Logout from the application***************
19:11:28.907 [main] INFO  esp.genericLibraries.BaseClass - **********Closing the Browser**********
19:12:20.041 [main] INFO  esp.genericLibraries.BaseClass - *****************Launching the Browser*************************
19:12:27.256 [main] INFO  esp.genericLibraries.BaseClass - ******************Login to the application********************
19:12:30.954 [main] DEBUG esp.genericLibraries.BaseClass - ---------submit New Hire Form and validate all mandatory fields are selected----------
19:12:38.802 [main] INFO  esp.genericLibraries.BaseClass - *****************Logout from the application***************
19:12:39.718 [main] INFO  esp.genericLibraries.BaseClass - **********Closing the Browser**********
19:14:14.931 [main] INFO  esp.genericLibraries.BaseClass - *****************Launching the Browser*************************
