20:27:41.844 [main] DEBUG esp.genericLibraries.BaseClass - ---------submit New Hire Form and validate all mandatory fields are selected----------
20:28:32.002 [main] INFO  esp.genericLibraries.BaseClass - The page title is :--Hire Summary for Karan Test (#EM851101)
20:28:32.601 [main] INFO  esp.genericLibraries.BaseClass - *****************Logout from the application***************
20:28:33.469 [main] INFO  esp.genericLibraries.BaseClass - **********Closing the Browser**********
21:08:17.529 [main] INFO  esp.genericLibraries.BaseClass - *****************Launching the Browser*************************
21:08:24.114 [main] INFO  esp.genericLibraries.BaseClass - ******************Login to the application********************
21:08:28.825 [main] INFO  esp.genericLibraries.BaseClass - ----------AddAndVerifyEmergencyContactDetails Test Started---------
21:13:42.358 [main] INFO  esp.genericLibraries.BaseClass - *****************Launching the Browser*************************
21:14:40.440 [main] INFO  esp.genericLibraries.BaseClass - *****************Launching the Browser*************************
21:14:47.185 [main] INFO  esp.genericLibraries.BaseClass - ******************Login to the application********************
21:14:51.422 [main] DEBUG esp.genericLibraries.BaseClass - ---------submit New Hire Form and validate all mandatory fields are selected----------
21:15:42.247 [main] INFO  esp.genericLibraries.BaseClass - The page title is :--Hire Summary for Karan Test (#EM851101)
21:15:42.762 [main] INFO  esp.genericLibraries.BaseClass - *****************Logout from the application***************
21:15:42.766 [main] INFO  esp.genericLibraries.BaseClass - ******************Login to the application********************
21:15:44.807 [main] INFO  esp.genericLibraries.BaseClass - ----------AddAndVerifyEmergencyContactDetails Test Started---------
21:17:08.124 [main] INFO  esp.genericLibraries.BaseClass - *****************Launching the Browser*************************
21:17:15.024 [main] INFO  esp.genericLibraries.BaseClass - ******************Login to the application********************
21:17:18.762 [main] INFO  esp.genericLibraries.BaseClass - ----------AddAndVerifyEmergencyContactDetails Test Started---------
21:21:19.499 [main] INFO  esp.genericLibraries.BaseClass - *****************Launching the Browser*************************
21:21:26.211 [main] INFO  esp.genericLibraries.BaseClass - ******************Login to the application********************
21:21:30.888 [main] INFO  esp.genericLibraries.BaseClass - ----------AddAndVerifyEmergencyContactDetails Test Started---------
21:22:22.976 [main] INFO  esp.genericLibraries.BaseClass - *****************Launching the Browser*************************
21:22:29.601 [main] INFO  esp.genericLibraries.BaseClass - ******************Login to the application********************
21:22:34.109 [main] INFO  esp.genericLibraries.BaseClass - ----------AddAndVerifyEmergencyContactDetails Test Started---------
21:22:39.400 [main] INFO  esp.genericLibraries.BaseClass - Submitted emergency contact details :Sourav
Relation : Friend
Email : sourav@gmail.com
Phone : 9574621012
21:22:39.400 [main] INFO  esp.genericLibraries.BaseClass - ----------AddAndVerifyEmergencyContactDetails Test Ended---------
21:22:39.989 [main] INFO  esp.genericLibraries.BaseClass - *****************Logout from the application***************
21:22:40.792 [main] INFO  esp.genericLibraries.BaseClass - **********Closing the Browser**********
08:54:14.684 [main] INFO  esp.genericLibraries.BaseClass - *****************Launching the Browser*************************
08:55:21.883 [main] INFO  esp.genericLibraries.BaseClass - *****************Launching the Browser*************************
09:05:48.139 [main] INFO  esp.genericLibraries.BaseClass - *****************Launching the Browser*************************
09:05:54.932 [main] INFO  esp.genericLibraries.BaseClass - ******************Login to the application********************
09:05:58.439 [main] DEBUG esp.genericLibraries.BaseClass - ---------submit New Hire Form and validate all mandatory fields are selected----------
09:06:47.781 [main] INFO  esp.genericLibraries.BaseClass - The page title is :--Hire Summary for Karan Test (#EM851101)
09:06:48.209 [main] INFO  esp.genericLibraries.BaseClass - *****************Logout from the application***************
09:06:49.066 [main] INFO  esp.genericLibraries.BaseClass - **********Closing the Browser**********
09:36:36.622 [main] INFO  esp.genericLibraries.BaseClass - *****************Launching the Browser*************************
09:36:43.125 [main] INFO  esp.genericLibraries.BaseClass - ******************Login to the application********************
09:37:10.786 [main] INFO  esp.genericLibraries.BaseClass - *****************Launching the Browser*************************
09:37:17.249 [main] INFO  esp.genericLibraries.BaseClass - ******************Login to the application********************
17:47:41.007 [main] INFO  esp.genericLibraries.BaseClass - *****************Launching the Browser*************************
