23:38:08.179 [main] INFO  esp.genericLibraries.BaseClass - *****************Launching the Browser*************************
23:38:19.006 [main] INFO  esp.genericLibraries.BaseClass - ******************Login to the application********************
23:38:21.107 [main] DEBUG esp.genericLibraries.BaseClass - ------downloadLegalEntityRecordInPdfFormat: Test started--------
23:38:24.251 [main] INFO  esp.genericLibraries.BaseClass - *****************Logout from the application***************
23:38:24.965 [main] INFO  esp.genericLibraries.BaseClass - **********Closing the Browser**********
13:26:01.106 [main] INFO  esp.genericLibraries.BaseClass - *****************Launching the Browser*************************
13:26:15.627 [main] INFO  esp.genericLibraries.BaseClass - ******************Login to the application********************
13:26:18.411 [main] DEBUG esp.genericLibraries.BaseClass - ---------submit New Hire FormAnd Validate Activate Button:- test started----------
13:26:32.529 [main] INFO  esp.genericLibraries.BaseClass - *****************Logout from the application***************
13:26:33.283 [main] INFO  esp.genericLibraries.BaseClass - **********Closing the Browser**********
13:27:42.850 [main] INFO  esp.genericLibraries.BaseClass - *****************Launching the Browser*************************
13:27:53.751 [main] INFO  esp.genericLibraries.BaseClass - ******************Login to the application********************
13:27:56.530 [main] DEBUG esp.genericLibraries.BaseClass - ---------submit New Hire FormAnd Validate Activate Button:- test started----------
13:35:18.562 [main] INFO  esp.genericLibraries.BaseClass - *****************Launching the Browser*************************
13:35:29.736 [main] INFO  esp.genericLibraries.BaseClass - ******************Login to the application********************
13:35:32.362 [main] DEBUG esp.genericLibraries.BaseClass - -------Mark attendance : test started--------
13:48:35.206 [main] INFO  esp.genericLibraries.BaseClass - *****************Launching the Browser*************************
13:48:46.022 [main] INFO  esp.genericLibraries.BaseClass - ******************Login to the application********************
13:49:00.079 [main] DEBUG esp.genericLibraries.BaseClass - -------Mark attendance : test started--------
13:55:49.281 [main] INFO  esp.genericLibraries.BaseClass - *****************Launching the Browser*************************
13:56:00.323 [main] INFO  esp.genericLibraries.BaseClass - ******************Login to the application********************
13:56:18.710 [main] DEBUG esp.genericLibraries.BaseClass - -------Mark attendance : test started--------
16:40:12.789 [main] INFO  esp.genericLibraries.BaseClass - *****************Launching the Browser*************************
16:40:27.355 [main] INFO  esp.genericLibraries.BaseClass - ******************Login to the application********************
16:40:30.133 [main] DEBUG esp.genericLibraries.BaseClass - ---------submit New Hire FormAnd Validate Activate Button:- test started----------
16:40:59.382 [main] INFO  esp.genericLibraries.BaseClass - *****************Launching the Browser*************************
16:41:26.535 [main] INFO  esp.genericLibraries.BaseClass - ******************Login to the application********************
16:41:32.702 [main] DEBUG esp.genericLibraries.BaseClass - ---------submit New Hire FormAnd Validate Activate Button:- test started----------
16:43:32.763 [main] INFO  esp.genericLibraries.BaseClass - **********Closing the Browser**********
17:40:43.760 [main] INFO  esp.genericLibraries.BaseClass - *****************Launching the Browser*************************
17:41:15.679 [main] INFO  esp.genericLibraries.BaseClass - ******************Login to the application********************
17:41:22.386 [main] DEBUG esp.genericLibraries.BaseClass - -------Mark attendance : test started--------
17:41:57.565 [main] INFO  esp.genericLibraries.BaseClass - *****************Logout from the application***************
17:42:03.312 [main] INFO  esp.genericLibraries.BaseClass - **********Closing the Browser**********
17:47:11.284 [main] INFO  esp.genericLibraries.BaseClass - *****************Launching the Browser*************************
17:47:28.265 [main] INFO  esp.genericLibraries.BaseClass - ******************Login to the application********************
17:47:31.486 [main] DEBUG esp.genericLibraries.BaseClass - ---------submit New Hire FormAnd Validate Activate Button:- test started----------
17:48:36.032 [main] INFO  esp.genericLibraries.BaseClass - *****************Launching the Browser*************************
17:48:44.236 [main] INFO  esp.genericLibraries.BaseClass - ******************Login to the application********************
17:48:47.822 [main] DEBUG esp.genericLibraries.BaseClass - ---------submit New Hire FormAnd Validate Activate Button:- test started----------
17:49:49.315 [main] INFO  esp.genericLibraries.BaseClass - *****************Logout from the application***************
