22:04:40.384 [main] INFO  esp.genericLibraries.BaseClass - *****************Launching the Browser*************************
22:04:47.067 [main] INFO  esp.genericLibraries.BaseClass - ******************Login to the application********************
22:04:50.697 [main] DEBUG esp.genericLibraries.BaseClass - -------pickRegularAndValidateEmploymentStatus:Test Started---------
22:04:50.697 [main] DEBUG esp.genericLibraries.BaseClass - ----Pick Country UAE and Validate Location :-Test started-----
22:04:55.223 [main] DEBUG esp.genericLibraries.BaseClass - Expected values are :[Select, Confirmed, Probation]
22:04:55.375 [main] INFO  esp.genericLibraries.BaseClass - Actual values are :[null, Confirmed, Probation]
22:04:55.375 [main] INFO  esp.genericLibraries.BaseClass - -------pickRegularAndValidateEmploymentStatus:Test Ended---------
22:04:56.286 [main] INFO  esp.genericLibraries.BaseClass - *****************Logout from the application***************
22:05:01.323 [main] INFO  esp.genericLibraries.BaseClass - **********Closing the Browser**********
22:07:31.591 [main] INFO  esp.genericLibraries.BaseClass - *****************Launching the Browser*************************
22:07:39.875 [main] INFO  esp.genericLibraries.BaseClass - ******************Login to the application********************
22:07:43.317 [main] DEBUG esp.genericLibraries.BaseClass - -------pickRegularAndValidateEmploymentStatus:Test Started---------
22:07:43.317 [main] DEBUG esp.genericLibraries.BaseClass - ----Pick Country UAE and Validate Location :-Test started-----
22:07:48.158 [main] DEBUG esp.genericLibraries.BaseClass - Expected values are :[Select, Confirmed, Probation]
22:07:48.456 [main] INFO  esp.genericLibraries.BaseClass - Actual values are :[Select, Confirmed, Probation]
22:07:48.456 [main] INFO  esp.genericLibraries.BaseClass - -------pickRegularAndValidateEmploymentStatus:Test Ended---------
22:07:49.469 [main] INFO  esp.genericLibraries.BaseClass - *****************Logout from the application***************
22:07:54.075 [main] INFO  esp.genericLibraries.BaseClass - **********Closing the Browser**********
22:17:33.723 [main] INFO  esp.genericLibraries.BaseClass - *****************Launching the Browser*************************
22:17:41.006 [main] INFO  esp.genericLibraries.BaseClass - ******************Login to the application********************
22:17:44.398 [main] DEBUG esp.genericLibraries.BaseClass - -------pickRegularAndValidateEmploymentStatus:Test Started---------
22:17:44.398 [main] DEBUG esp.genericLibraries.BaseClass - ----Pick Country UAE and Validate Location :-Test started-----
22:17:49.219 [main] DEBUG esp.genericLibraries.BaseClass - Expected values are :[Probation, Confirmed]
22:17:49.402 [main] DEBUG esp.genericLibraries.BaseClass -                   
22:17:49.402 [main] DEBUG esp.genericLibraries.BaseClass - --------Validate the expected values------
22:17:50.537 [main] INFO  esp.genericLibraries.BaseClass - *****************Logout from the application***************
22:17:55.423 [main] INFO  esp.genericLibraries.BaseClass - **********Closing the Browser**********
22:19:11.345 [main] INFO  esp.genericLibraries.BaseClass - *****************Launching the Browser*************************
22:19:18.645 [main] INFO  esp.genericLibraries.BaseClass - ******************Login to the application********************
22:19:22.050 [main] DEBUG esp.genericLibraries.BaseClass - -------pickRegularAndValidateEmploymentStatus:Test Started---------
22:19:22.050 [main] DEBUG esp.genericLibraries.BaseClass - ----Pick Country UAE and Validate Location :-Test started-----
22:19:26.801 [main] DEBUG esp.genericLibraries.BaseClass - Expected values are :[Probation, Confirmed]
22:19:26.955 [main] DEBUG esp.genericLibraries.BaseClass -                   
22:19:26.955 [main] DEBUG esp.genericLibraries.BaseClass - --------Validate the expected values------
22:19:28.051 [main] INFO  esp.genericLibraries.BaseClass - *****************Logout from the application***************
22:19:32.707 [main] INFO  esp.genericLibraries.BaseClass - **********Closing the Browser**********
22:20:56.244 [main] INFO  esp.genericLibraries.BaseClass - *****************Launching the Browser*************************
22:21:02.961 [main] INFO  esp.genericLibraries.BaseClass - ******************Login to the application********************
22:21:07.018 [main] DEBUG esp.genericLibraries.BaseClass - -------pickRegularAndValidateEmploymentStatus:Test Started---------
22:21:07.018 [main] DEBUG esp.genericLibraries.BaseClass - ----Pick Country UAE and Validate Location :-Test started-----
22:21:11.758 [main] DEBUG esp.genericLibraries.BaseClass - Expected values are :[Probation, Confirmed]
22:21:11.833 [main] DEBUG esp.genericLibraries.BaseClass -                   
22:21:11.834 [main] DEBUG esp.genericLibraries.BaseClass - --------Validate the expected values------
22:21:12.958 [main] INFO  esp.genericLibraries.BaseClass - *****************Logout from the application***************
