21:02:55.457 [main] INFO  esp.genericLibraries.BaseClass - *****************Logout from the application***************
21:02:56.182 [main] INFO  esp.genericLibraries.BaseClass - **********Closing the Browser**********
21:04:33.250 [main] INFO  esp.genericLibraries.BaseClass - *****************Launching the Browser*************************
21:04:44.064 [main] INFO  esp.genericLibraries.BaseClass - ******************Login to the application********************
21:04:46.753 [main] DEBUG esp.genericLibraries.BaseClass - -------printAndVerifyAdminValues : Test Started-------
21:04:49.752 [main] INFO  esp.genericLibraries.BaseClass - Expected values are :[People, Projects, Offers, New Hire, Relieving, Reports, Analytics, Password Management, Payroll, Configuration Setup]
21:04:49.768 [main] DEBUG esp.genericLibraries.BaseClass -     
21:04:49.768 [main] DEBUG esp.genericLibraries.BaseClass - ------Validate the expected values with actual values-------
21:04:49.768 [main] DEBUG esp.genericLibraries.BaseClass -     
21:04:49.768 [main] DEBUG esp.genericLibraries.BaseClass -     
21:04:49.768 [main] INFO  esp.genericLibraries.BaseClass - Actual values are :[People, Projects, Offers, New Hire, Relieving, Analytics, Reports, Password Management, Payroll, Configuration Setup]
21:04:49.768 [main] INFO  esp.genericLibraries.BaseClass - ------printAndVerifyAdminValues : Test Ended-------
21:04:50.380 [main] INFO  esp.genericLibraries.BaseClass - *****************Logout from the application***************
21:04:51.088 [main] INFO  esp.genericLibraries.BaseClass - **********Closing the Browser**********
21:05:40.792 [main] INFO  esp.genericLibraries.BaseClass - *****************Launching the Browser*************************
21:05:51.610 [main] INFO  esp.genericLibraries.BaseClass - ******************Login to the application********************
21:05:53.577 [main] DEBUG esp.genericLibraries.BaseClass - ------submitExistingLegalEntity:-test started-------
21:06:26.315 [main] INFO  esp.genericLibraries.BaseClass - *****************Logout from the application***************
21:06:27.035 [main] INFO  esp.genericLibraries.BaseClass - **********Closing the Browser**********
21:07:20.333 [main] INFO  esp.genericLibraries.BaseClass - *****************Launching the Browser*************************
21:07:31.198 [main] INFO  esp.genericLibraries.BaseClass - ******************Login to the application********************
21:07:33.529 [main] DEBUG esp.genericLibraries.BaseClass - ------submitExistingLegalEntity:-test started-------
21:09:10.593 [main] INFO  esp.genericLibraries.BaseClass - *****************Launching the Browser*************************
21:09:21.488 [main] INFO  esp.genericLibraries.BaseClass - ******************Login to the application********************
21:09:23.496 [main] DEBUG esp.genericLibraries.BaseClass - ------submitExistingLegalEntity:-test started-------
21:09:49.119 [main] INFO  esp.genericLibraries.BaseClass - *****************Logout from the application***************
21:09:49.855 [main] INFO  esp.genericLibraries.BaseClass - **********Closing the Browser**********
21:09:59.482 [main] INFO  esp.genericLibraries.BaseClass - *****************Launching the Browser*************************
21:10:10.309 [main] INFO  esp.genericLibraries.BaseClass - ******************Login to the application********************
21:10:12.369 [main] DEBUG esp.genericLibraries.BaseClass - ------submitExistingLegalEntity:-test started-------
21:11:01.567 [main] INFO  esp.genericLibraries.BaseClass - *****************Launching the Browser*************************
21:11:08.915 [main] INFO  esp.genericLibraries.BaseClass - ******************Login to the application********************
21:11:12.743 [main] DEBUG esp.genericLibraries.BaseClass - ------submitExistingLegalEntity:-test started-------
21:11:18.760 [main] DEBUG esp.genericLibraries.BaseClass - -------Validate the error message------
21:11:19.983 [main] INFO  esp.genericLibraries.BaseClass - *****************Logout from the application***************
21:11:25.187 [main] INFO  esp.genericLibraries.BaseClass - **********Closing the Browser**********
21:23:13.690 [main] INFO  esp.genericLibraries.BaseClass - *****************Launching the Browser*************************
21:23:20.485 [main] INFO  esp.genericLibraries.BaseClass - ******************Login to the application********************
21:23:24.199 [main] DEBUG esp.genericLibraries.BaseClass - ------submitFormWithKeepingLegalEntityNameBlank:-test started-------
21:23:30.714 [main] DEBUG esp.genericLibraries.BaseClass - Expected error message is :Legel Entity Name cannot be empty
21:23:30.714 [main] DEBUG esp.genericLibraries.BaseClass - -----Validate the error message-------
21:23:30.718 [main] INFO  esp.genericLibraries.BaseClass - Actual error message is Legel Entity Name cannot be empty
21:37:55.609 [main] INFO  esp.genericLibraries.BaseClass - *****************Launching the Browser*************************
21:38:03.105 [main] INFO  esp.genericLibraries.BaseClass - ******************Login to the application********************
