12:28:10.344 [main] INFO  esp.genericLibraries.BaseClass - ******************Login to the application********************
12:28:15.715 [main] DEBUG esp.genericLibraries.BaseClass - ---------submit New Hire Form and validate all mandatory fields are selected----------
12:30:35.439 [main] INFO  esp.genericLibraries.BaseClass - *****************Logout from the application***************
12:30:36.273 [main] INFO  esp.genericLibraries.BaseClass - **********Closing the Browser**********
12:42:40.163 [main] INFO  esp.genericLibraries.BaseClass - *****************Launching the Browser*************************
12:42:46.828 [main] INFO  esp.genericLibraries.BaseClass - ******************Login to the application********************
12:42:50.579 [main] DEBUG esp.genericLibraries.BaseClass - ---------submit New Hire Form and validate all mandatory fields are selected----------
12:44:38.575 [main] INFO  esp.genericLibraries.BaseClass - *****************Logout from the application***************
12:44:39.364 [main] INFO  esp.genericLibraries.BaseClass - **********Closing the Browser**********
12:46:21.962 [main] INFO  esp.genericLibraries.BaseClass - *****************Launching the Browser*************************
12:46:28.758 [main] INFO  esp.genericLibraries.BaseClass - ******************Login to the application********************
12:46:32.625 [main] DEBUG esp.genericLibraries.BaseClass - ---------submit New Hire Form and validate all mandatory fields are selected----------
12:48:20.912 [main] INFO  esp.genericLibraries.BaseClass - *****************Logout from the application***************
12:48:21.758 [main] INFO  esp.genericLibraries.BaseClass - **********Closing the Browser**********
12:54:04.506 [main] INFO  esp.genericLibraries.BaseClass - *****************Launching the Browser*************************
12:54:11.157 [main] INFO  esp.genericLibraries.BaseClass - ******************Login to the application********************
12:54:15.309 [main] DEBUG esp.genericLibraries.BaseClass - ---------submit New Hire Form and validate all mandatory fields are selected----------
12:56:02.153 [main] INFO  esp.genericLibraries.BaseClass - *****************Logout from the application***************
12:56:02.949 [main] INFO  esp.genericLibraries.BaseClass - **********Closing the Browser**********
12:56:35.328 [main] INFO  esp.genericLibraries.BaseClass - *****************Launching the Browser*************************
12:56:42.136 [main] INFO  esp.genericLibraries.BaseClass - ******************Login to the application********************
12:56:56.262 [main] DEBUG esp.genericLibraries.BaseClass - ---------submit New Hire Form and validate all mandatory fields are selected----------
12:58:21.533 [main] INFO  esp.genericLibraries.BaseClass - *****************Logout from the application***************
12:58:22.319 [main] INFO  esp.genericLibraries.BaseClass - **********Closing the Browser**********
12:59:42.619 [main] INFO  esp.genericLibraries.BaseClass - *****************Launching the Browser*************************
12:59:49.806 [main] INFO  esp.genericLibraries.BaseClass - ******************Login to the application********************
13:00:01.352 [main] DEBUG esp.genericLibraries.BaseClass - ---------submit New Hire Form and validate all mandatory fields are selected----------
13:00:49.012 [main] INFO  esp.genericLibraries.BaseClass - *****************Logout from the application***************
13:00:49.853 [main] INFO  esp.genericLibraries.BaseClass - **********Closing the Browser**********
18:44:12.938 [main] INFO  esp.genericLibraries.BaseClass - *****************Launching the Browser*************************
18:44:21.197 [main] INFO  esp.genericLibraries.BaseClass - ******************Login to the application********************
18:44:26.156 [main] DEBUG esp.genericLibraries.BaseClass - ---------submit New Hire Form and validate all mandatory fields are selected----------
18:45:55.017 [main] INFO  esp.genericLibraries.BaseClass - *****************Logout from the application***************
18:45:56.046 [main] INFO  esp.genericLibraries.BaseClass - **********Closing the Browser**********
18:48:39.436 [main] INFO  esp.genericLibraries.BaseClass - *****************Launching the Browser*************************
18:48:46.389 [main] INFO  esp.genericLibraries.BaseClass - ******************Login to the application********************
18:48:51.172 [main] DEBUG esp.genericLibraries.BaseClass - ---------submit New Hire Form and validate all mandatory fields are selected----------
18:50:16.491 [main] INFO  esp.genericLibraries.BaseClass - The page title is :--Hire Summary for Prakash Sinha (#0001118)
18:50:17.198 [main] INFO  esp.genericLibraries.BaseClass - *****************Logout from the application***************
18:50:18.197 [main] INFO  esp.genericLibraries.BaseClass - **********Closing the Browser**********
18:53:42.752 [main] INFO  esp.genericLibraries.BaseClass - *****************Launching the Browser*************************
18:53:49.814 [main] INFO  esp.genericLibraries.BaseClass - ******************Login to the application********************
