17:13:16.147 [main] INFO  esp.genericLibraries.BaseClass - Actual error message is :Location cannot be empty
17:13:16.152 [main] INFO  esp.genericLibraries.BaseClass - --------Verify error for not picking location:-test ended----------
17:13:16.768 [main] INFO  esp.genericLibraries.BaseClass - *****************Logout from the application***************
17:13:16.769 [main] INFO  esp.genericLibraries.BaseClass - ******************Login to the application********************
17:13:17.620 [main] DEBUG esp.genericLibraries.BaseClass - ------Verify error for picking DOB < 18 years:-test started-----
17:14:38.981 [main] DEBUG esp.genericLibraries.BaseClass - Error message should be displayed as :DOB should be greater than 18 years.
17:14:38.997 [main] DEBUG esp.genericLibraries.BaseClass -                  
17:14:38.997 [main] DEBUG esp.genericLibraries.BaseClass - ----------Validate error message------------
17:14:39.063 [main] DEBUG esp.genericLibraries.BaseClass -                    
17:14:39.064 [main] INFO  esp.genericLibraries.BaseClass - Test case is passed
17:14:39.064 [main] INFO  esp.genericLibraries.BaseClass - ------Verify error for picking DOB < 18 years:-test ended-----
17:14:39.617 [main] INFO  esp.genericLibraries.BaseClass - *****************Logout from the application***************
17:14:39.618 [main] INFO  esp.genericLibraries.BaseClass - ******************Login to the application********************
17:14:40.501 [main] DEBUG esp.genericLibraries.BaseClass - ---------Verify error message for keeping first name blank:- test started------------
17:14:42.000 [main] INFO  esp.genericLibraries.BaseClass - Expected error message is :First Name cannot be empty
17:14:42.025 [main] DEBUG esp.genericLibraries.BaseClass - *******Validate the error message********
17:14:42.025 [main] INFO  esp.genericLibraries.BaseClass -                 
17:14:42.025 [main] INFO  esp.genericLibraries.BaseClass - ---------Verify error message for keeping first name blank:- test ended------------
17:14:42.612 [main] INFO  esp.genericLibraries.BaseClass - *****************Logout from the application***************
17:14:42.612 [main] INFO  esp.genericLibraries.BaseClass - ******************Login to the application********************
17:14:43.398 [main] DEBUG esp.genericLibraries.BaseClass - ------Verify error message for keeping last name blank :-test started--------
17:14:44.894 [main] DEBUG esp.genericLibraries.BaseClass - Expected error message is :Last Name cannot be empty
17:14:44.906 [main] DEBUG esp.genericLibraries.BaseClass - *******Validate the error message********
17:14:44.906 [main] DEBUG esp.genericLibraries.BaseClass -                 
17:14:44.906 [main] INFO  esp.genericLibraries.BaseClass - Actual error message is :Last Name cannot be empty
17:14:44.906 [main] INFO  esp.genericLibraries.BaseClass - ------Verify error message for keeping last name blank :-test ended--------
17:14:45.471 [main] INFO  esp.genericLibraries.BaseClass - *****************Logout from the application***************
17:14:45.472 [main] INFO  esp.genericLibraries.BaseClass - ******************Login to the application********************
17:14:46.408 [main] DEBUG esp.genericLibraries.BaseClass - ------Verify error message for not picking country of birth :-test started------
17:14:47.893 [main] DEBUG esp.genericLibraries.BaseClass - Expected error message is :Country Of Birth cannot be empty
17:14:47.934 [main] DEBUG esp.genericLibraries.BaseClass -                 
17:14:47.934 [main] DEBUG esp.genericLibraries.BaseClass - *******Validate the error message********
17:14:47.934 [main] DEBUG esp.genericLibraries.BaseClass -                 
17:14:47.934 [main] INFO  esp.genericLibraries.BaseClass - Actual error message is :Country Of Birth cannot be empty
17:14:47.934 [main] INFO  esp.genericLibraries.BaseClass - ------Verify error message for not picking country of birth :-test ended------
17:14:48.479 [main] INFO  esp.genericLibraries.BaseClass - *****************Logout from the application***************
17:14:51.439 [main] INFO  esp.genericLibraries.BaseClass - **********Closing the Browser**********
17:59:19.867 [main] INFO  esp.genericLibraries.BaseClass - *****************Launching the Browser*************************
17:59:37.042 [main] INFO  esp.genericLibraries.BaseClass - ******************Login to the application********************
17:59:41.818 [main] DEBUG esp.genericLibraries.BaseClass - ---------submit New Hire FormAnd Validate Activate Button:- test started----------
18:01:27.491 [main] DEBUG esp.genericLibraries.BaseClass - Expected to view the activate button
18:01:27.591 [main] DEBUG esp.genericLibraries.BaseClass -                              
18:01:27.633 [main] DEBUG esp.genericLibraries.BaseClass - -------Verify the activate button-------
18:01:27.658 [main] DEBUG esp.genericLibraries.BaseClass -                                  
18:01:27.658 [main] INFO  esp.genericLibraries.BaseClass - Activate button is displayed and activated successfully
