20:32:34.776 [main] INFO  esp.genericLibraries.BaseClass - *****************Launching the Browser*************************
20:32:43.220 [main] INFO  esp.genericLibraries.BaseClass - ******************Login to the application********************
20:32:46.850 [main] DEBUG esp.genericLibraries.BaseClass - ---------submit New Hire Form and validate all mandatory fields are selected----------
20:33:03.564 [main] INFO  esp.genericLibraries.BaseClass - *****************Logout from the application***************
20:33:04.484 [main] INFO  esp.genericLibraries.BaseClass - **********Closing the Browser**********
20:39:45.622 [main] INFO  esp.genericLibraries.BaseClass - *****************Launching the Browser*************************
20:39:52.425 [main] INFO  esp.genericLibraries.BaseClass - ******************Login to the application********************
20:39:56.552 [main] DEBUG esp.genericLibraries.BaseClass - ---------submit New Hire Form and validate all mandatory fields are selected----------
20:40:48.322 [main] INFO  esp.genericLibraries.BaseClass - The page title is :--Hire Summary for Karan Test (#EM851101)
20:40:48.985 [main] INFO  esp.genericLibraries.BaseClass - *****************Logout from the application***************
20:40:49.822 [main] INFO  esp.genericLibraries.BaseClass - **********Closing the Browser**********
21:20:14.600 [main] INFO  esp.genericLibraries.BaseClass - *****************Launching the Browser*************************
21:20:21.527 [main] INFO  esp.genericLibraries.BaseClass - ******************Login to the application********************
21:20:25.798 [main] INFO  esp.genericLibraries.BaseClass - ----------addCurrentAddressAndVerify Test Started-------
21:27:29.949 [main] INFO  esp.genericLibraries.BaseClass - *****************Launching the Browser*************************
21:27:36.761 [main] INFO  esp.genericLibraries.BaseClass - ******************Login to the application********************
21:27:41.472 [main] INFO  esp.genericLibraries.BaseClass - ----------addCurrentAddressAndVerify Test Started-------
21:29:11.058 [main] INFO  esp.genericLibraries.BaseClass - *****************Launching the Browser*************************
21:29:18.021 [main] INFO  esp.genericLibraries.BaseClass - ******************Login to the application********************
21:29:22.142 [main] INFO  esp.genericLibraries.BaseClass - ----------addCurrentAddressAndVerify Test Started-------
21:29:32.858 [main] INFO  esp.genericLibraries.BaseClass - ----------addCurrentAddressAndVerify Test Ended---------
20:58:28.047 [main] INFO  esp.genericLibraries.BaseClass - *****************Launching the Browser*************************
20:58:37.496 [main] INFO  esp.genericLibraries.BaseClass - ******************Login to the application********************
20:59:11.037 [main] INFO  esp.genericLibraries.BaseClass - *****************Launching the Browser*************************
20:59:17.735 [main] INFO  esp.genericLibraries.BaseClass - ******************Login to the application********************
21:01:01.354 [main] INFO  esp.genericLibraries.BaseClass - *****************Launching the Browser*************************
21:01:08.199 [main] INFO  esp.genericLibraries.BaseClass - ******************Login to the application********************
21:01:17.129 [main] DEBUG esp.genericLibraries.BaseClass - ---------submit New Hire Form and validate all mandatory fields are selected----------
21:02:09.704 [main] INFO  esp.genericLibraries.BaseClass - The page title is :--Hire Summary for Karan Test (#EM851101)
21:02:10.276 [main] INFO  esp.genericLibraries.BaseClass - *****************Logout from the application***************
21:02:11.100 [main] INFO  esp.genericLibraries.BaseClass - **********Closing the Browser**********
21:03:37.541 [main] INFO  esp.genericLibraries.BaseClass - *****************Launching the Browser*************************
21:03:44.184 [main] INFO  esp.genericLibraries.BaseClass - ******************Login to the application********************
21:03:49.140 [main] INFO  esp.genericLibraries.BaseClass - ----------addCurrentAddressAndVerify Test Started-------
21:03:59.479 [main] INFO  esp.genericLibraries.BaseClass - ----------addCurrentAddressAndVerify Test Ended---------
22:33:01.505 [main] INFO  esp.genericLibraries.BaseClass - *****************Launching the Browser*************************
22:33:08.714 [main] INFO  esp.genericLibraries.BaseClass - ******************Login to the application********************
22:33:12.938 [main] DEBUG esp.genericLibraries.BaseClass - ---------submit New Hire Form and validate all mandatory fields are selected----------
22:34:05.293 [main] INFO  esp.genericLibraries.BaseClass - The page title is :--Hire Summary for Karan Test (#EM851101)
22:34:05.893 [main] INFO  esp.genericLibraries.BaseClass - *****************Logout from the application***************
22:34:05.895 [main] INFO  esp.genericLibraries.BaseClass - ******************Login to the application********************
