22:41:16.637 [main] INFO  esp.genericLibraries.BaseClass - *****************Launching the Browser*************************
22:41:23.914 [main] INFO  esp.genericLibraries.BaseClass - ******************Login to the application********************
22:41:27.350 [main] DEBUG esp.genericLibraries.BaseClass - ------Check error message for not picking Gender :-test started--------
22:41:28.867 [main] DEBUG esp.genericLibraries.BaseClass - Expected error message is :Gender cannot be empty
22:41:28.890 [main] DEBUG esp.genericLibraries.BaseClass -                 
22:41:28.890 [main] DEBUG esp.genericLibraries.BaseClass - *******Validate the error message********
22:41:28.893 [main] DEBUG esp.genericLibraries.BaseClass -                 
22:41:28.893 [main] INFO  esp.genericLibraries.BaseClass - Actual error message is :Gender cannot be empty
22:41:28.893 [main] INFO  esp.genericLibraries.BaseClass - ------Check error message for not picking Gender :-test ended--------
22:41:29.588 [main] INFO  esp.genericLibraries.BaseClass - *****************Logout from the application***************
22:41:35.389 [main] INFO  esp.genericLibraries.BaseClass - **********Closing the Browser**********
22:43:21.422 [main] INFO  esp.genericLibraries.BaseClass - *****************Launching the Browser*************************
22:43:28.169 [main] INFO  esp.genericLibraries.BaseClass - ******************Login to the application********************
22:43:31.811 [main] DEBUG esp.genericLibraries.BaseClass - ------Verify error message for keeping last name blank :-test started--------
22:43:33.655 [main] DEBUG esp.genericLibraries.BaseClass - Expected error message is :First Name cannot be empty
22:43:33.679 [main] DEBUG esp.genericLibraries.BaseClass - *******Validate the error message********
22:43:34.527 [main] INFO  esp.genericLibraries.BaseClass - *****************Logout from the application***************
22:43:41.043 [main] INFO  esp.genericLibraries.BaseClass - **********Closing the Browser**********
22:45:43.196 [main] INFO  esp.genericLibraries.BaseClass - *****************Launching the Browser*************************
22:45:49.888 [main] INFO  esp.genericLibraries.BaseClass - ******************Login to the application********************
22:45:53.219 [main] DEBUG esp.genericLibraries.BaseClass - ------------Enter existing EemployeeId and validate error Message:- test started---------------
22:46:03.903 [main] INFO  esp.genericLibraries.BaseClass - *****************Logout from the application***************
22:46:08.469 [main] INFO  esp.genericLibraries.BaseClass - **********Closing the Browser**********
22:48:05.164 [main] INFO  esp.genericLibraries.BaseClass - *****************Launching the Browser*************************
22:48:11.853 [main] INFO  esp.genericLibraries.BaseClass - ******************Login to the application********************
22:48:15.050 [main] DEBUG esp.genericLibraries.BaseClass - ------------Enter existing EemployeeId and validate error Message:- test started---------------
22:49:36.732 [main] DEBUG esp.genericLibraries.BaseClass - Expected error message is :The Employee Id already exists in the system. Please correct.
22:49:36.772 [main] DEBUG esp.genericLibraries.BaseClass - ---------Validate the error message---------
22:49:36.776 [main] DEBUG esp.genericLibraries.BaseClass -                   
22:49:36.777 [main] INFO  esp.genericLibraries.BaseClass - Actual error message is :The Employee Id already exists in the system. Please correct.
22:49:36.777 [main] INFO  esp.genericLibraries.BaseClass - ------------Enter existing EemployeeId and validate error Message:- test ended---------------
22:49:37.449 [main] INFO  esp.genericLibraries.BaseClass - *****************Logout from the application***************
22:49:39.758 [main] INFO  esp.genericLibraries.BaseClass - **********Closing the Browser**********
22:51:47.336 [main] INFO  esp.genericLibraries.BaseClass - *****************Launching the Browser*************************
22:51:53.973 [main] INFO  esp.genericLibraries.BaseClass - ******************Login to the application********************
22:51:57.607 [main] DEBUG esp.genericLibraries.BaseClass - ---------Check error for keeping department editbox blank:- test started----------
22:51:59.316 [main] DEBUG esp.genericLibraries.BaseClass - Expected error message is :Department cannot be empty
22:51:59.333 [main] DEBUG esp.genericLibraries.BaseClass -                 
22:51:59.333 [main] DEBUG esp.genericLibraries.BaseClass - --------Validate the error message----------
22:51:59.335 [main] DEBUG esp.genericLibraries.BaseClass -                 
22:51:59.335 [main] INFO  esp.genericLibraries.BaseClass - Actual error message is :Department cannot be empty
22:51:59.335 [main] INFO  esp.genericLibraries.BaseClass - ---------Check error for keeping department editbox blank :-test ended-----------
22:52:00.026 [main] INFO  esp.genericLibraries.BaseClass - *****************Logout from the application***************
22:52:04.612 [main] INFO  esp.genericLibraries.BaseClass - **********Closing the Browser**********
