22:22:42.029 [main] INFO  esp.genericLibraries.BaseClass - *****************Logout from the application***************
22:22:46.453 [main] INFO  esp.genericLibraries.BaseClass - **********Closing the Browser**********
22:23:00.150 [main] INFO  esp.genericLibraries.BaseClass - *****************Launching the Browser*************************
22:23:07.172 [main] INFO  esp.genericLibraries.BaseClass - ******************Login to the application********************
22:23:10.594 [main] DEBUG esp.genericLibraries.BaseClass - -------verifyAdminOption : Test Started-------
22:23:42.554 [main] INFO  esp.genericLibraries.BaseClass - *****************Logout from the application***************
22:23:45.139 [main] INFO  esp.genericLibraries.BaseClass - **********Closing the Browser**********
22:27:34.653 [main] INFO  esp.genericLibraries.BaseClass - *****************Launching the Browser*************************
22:27:42.030 [main] INFO  esp.genericLibraries.BaseClass - ******************Login to the application********************
22:27:45.442 [main] DEBUG esp.genericLibraries.BaseClass - -------verifyAdminOption : Test Started-------
22:28:15.000 [main] INFO  esp.genericLibraries.BaseClass - Tooltip message is :Admin
22:28:15.000 [main] INFO  esp.genericLibraries.BaseClass - -------verifyAdminOption : Test Ended-------
22:28:16.099 [main] INFO  esp.genericLibraries.BaseClass - *****************Logout from the application***************
22:28:18.861 [main] INFO  esp.genericLibraries.BaseClass - **********Closing the Browser**********
22:29:36.251 [main] INFO  esp.genericLibraries.BaseClass - *****************Launching the Browser*************************
22:29:45.928 [main] INFO  esp.genericLibraries.BaseClass - ******************Login to the application********************
22:29:49.735 [main] DEBUG esp.genericLibraries.BaseClass - -------verifyAdminOption : Test Started-------
22:30:06.525 [main] INFO  esp.genericLibraries.BaseClass - Tooltip message is :Admin
22:30:06.525 [main] INFO  esp.genericLibraries.BaseClass - -------verifyAdminOption : Test Ended-------
22:30:07.358 [main] INFO  esp.genericLibraries.BaseClass - *****************Logout from the application***************
22:30:12.826 [main] INFO  esp.genericLibraries.BaseClass - **********Closing the Browser**********
22:31:30.968 [main] INFO  esp.genericLibraries.BaseClass - *****************Launching the Browser*************************
22:31:38.435 [main] INFO  esp.genericLibraries.BaseClass - ******************Login to the application********************
22:31:42.088 [main] DEBUG esp.genericLibraries.BaseClass - -------verifyAdminOption : Test Started-------
22:32:16.208 [main] INFO  esp.genericLibraries.BaseClass - *****************Logout from the application***************
22:32:19.185 [main] INFO  esp.genericLibraries.BaseClass - **********Closing the Browser**********
22:33:18.247 [main] INFO  esp.genericLibraries.BaseClass - *****************Launching the Browser*************************
22:33:25.146 [main] INFO  esp.genericLibraries.BaseClass - ******************Login to the application********************
22:33:28.560 [main] DEBUG esp.genericLibraries.BaseClass - -------verifyAdminOption : Test Started-------
22:33:28.755 [main] INFO  esp.genericLibraries.BaseClass - Tooltip message is :Admin
22:33:28.755 [main] INFO  esp.genericLibraries.BaseClass - -------verifyAdminOption : Test Ended-------
22:33:29.647 [main] INFO  esp.genericLibraries.BaseClass - *****************Logout from the application***************
22:33:34.836 [main] INFO  esp.genericLibraries.BaseClass - **********Closing the Browser**********
22:33:47.561 [main] INFO  esp.genericLibraries.BaseClass - *****************Launching the Browser*************************
22:33:55.999 [main] INFO  esp.genericLibraries.BaseClass - ******************Login to the application********************
22:33:59.622 [main] DEBUG esp.genericLibraries.BaseClass - -------verifyAdminOption : Test Started-------
22:33:59.838 [main] INFO  esp.genericLibraries.BaseClass - Tooltip message is :Admin
22:33:59.838 [main] INFO  esp.genericLibraries.BaseClass - -------verifyAdminOption : Test Ended-------
22:34:00.633 [main] INFO  esp.genericLibraries.BaseClass - *****************Logout from the application***************
22:34:05.360 [main] INFO  esp.genericLibraries.BaseClass - **********Closing the Browser**********
23:20:29.295 [main] INFO  esp.genericLibraries.BaseClass - *****************Launching the Browser*************************
23:20:36.592 [main] INFO  esp.genericLibraries.BaseClass - ******************Login to the application********************
23:20:40.572 [main] DEBUG esp.genericLibraries.BaseClass - -------printAndVerifyAdminValues : Test Started-------
23:20:40.804 [main] INFO  esp.genericLibraries.BaseClass - Expected values are :[Ljava.lang.String;@5a7005d
23:20:40.805 [main] DEBUG esp.genericLibraries.BaseClass - ------Validate the expected values with actual values-------
23:20:41.880 [main] INFO  esp.genericLibraries.BaseClass - *****************Logout from the application***************
