09:39:59.269 [main] INFO  esp.genericLibraries.BaseClass - Test case is passed
09:39:59.273 [main] INFO  esp.genericLibraries.BaseClass - ------Verify error for picking DOB < 18 years:-test ended-----
09:39:59.745 [main] INFO  esp.genericLibraries.BaseClass - *****************Logout from the application***************
09:39:59.746 [main] INFO  esp.genericLibraries.BaseClass - ******************Login to the application********************
09:40:00.979 [main] DEBUG esp.genericLibraries.BaseClass - ---------Verify error message for keeping first name blank:- test started------------
09:40:03.093 [main] INFO  esp.genericLibraries.BaseClass - Expected error message is :First Name cannot be empty
09:40:03.115 [main] DEBUG esp.genericLibraries.BaseClass - *******Validate the error message********
09:40:03.116 [main] INFO  esp.genericLibraries.BaseClass -                 
09:40:03.116 [main] INFO  esp.genericLibraries.BaseClass - ---------Verify error message for keeping first name blank:- test ended------------
09:40:03.630 [main] INFO  esp.genericLibraries.BaseClass - *****************Logout from the application***************
09:40:03.631 [main] INFO  esp.genericLibraries.BaseClass - ******************Login to the application********************
09:40:04.733 [main] DEBUG esp.genericLibraries.BaseClass - ------Verify error message for keeping last name blank :-test started--------
09:40:06.909 [main] DEBUG esp.genericLibraries.BaseClass - Expected error message is :First Name cannot be empty
09:40:06.928 [main] DEBUG esp.genericLibraries.BaseClass - *******Validate the error message********
09:40:07.521 [main] INFO  esp.genericLibraries.BaseClass - *****************Logout from the application***************
09:40:07.522 [main] INFO  esp.genericLibraries.BaseClass - ******************Login to the application********************
09:40:08.564 [main] DEBUG esp.genericLibraries.BaseClass - ------Verify error message for not picking country of birth :-test started------
09:40:10.761 [main] DEBUG esp.genericLibraries.BaseClass - Expected error message is :Country Of Birth cannot be empty
09:40:10.782 [main] DEBUG esp.genericLibraries.BaseClass -                 
09:40:10.782 [main] DEBUG esp.genericLibraries.BaseClass - *******Validate the error message********
09:40:10.782 [main] DEBUG esp.genericLibraries.BaseClass -                 
09:40:10.782 [main] INFO  esp.genericLibraries.BaseClass - Actual error message is :Country Of Birth cannot be empty
09:40:10.782 [main] INFO  esp.genericLibraries.BaseClass - ------Verify error message for not picking country of birth :-test ended------
09:40:11.255 [main] INFO  esp.genericLibraries.BaseClass - *****************Logout from the application***************
09:40:13.597 [main] INFO  esp.genericLibraries.BaseClass - **********Closing the Browser**********
09:45:51.642 [main] INFO  esp.genericLibraries.BaseClass - *****************Launching the Browser*************************
09:45:59.052 [main] INFO  esp.genericLibraries.BaseClass - ******************Login to the application********************
09:46:01.753 [main] DEBUG esp.genericLibraries.BaseClass - ---------submit New Hire FormAnd Validate Activate Button:- test started----------
09:54:01.189 [main] INFO  esp.genericLibraries.BaseClass - *****************Launching the Browser*************************
09:54:08.883 [main] INFO  esp.genericLibraries.BaseClass - ******************Login to the application********************
09:54:12.468 [main] DEBUG esp.genericLibraries.BaseClass - ---------submit New Hire FormAnd Validate Activate Button:- test started----------
09:54:40.328 [main] INFO  esp.genericLibraries.BaseClass - *****************Logout from the application***************
09:54:46.356 [main] INFO  esp.genericLibraries.BaseClass - **********Closing the Browser**********
09:57:44.127 [main] INFO  esp.genericLibraries.BaseClass - *****************Launching the Browser*************************
09:57:51.570 [main] INFO  esp.genericLibraries.BaseClass - ******************Login to the application********************
09:57:55.344 [main] DEBUG esp.genericLibraries.BaseClass - ---------submit New Hire FormAnd Validate Activate Button:- test started----------
09:58:56.315 [main] INFO  esp.genericLibraries.BaseClass - *****************Logout from the application***************
09:58:59.193 [main] INFO  esp.genericLibraries.BaseClass - **********Closing the Browser**********
10:06:10.373 [main] INFO  esp.genericLibraries.BaseClass - *****************Launching the Browser*************************
10:06:19.002 [main] INFO  esp.genericLibraries.BaseClass - ******************Login to the application********************
10:06:22.961 [main] DEBUG esp.genericLibraries.BaseClass - ---------submit New Hire FormAnd Validate Activate Button:- test started----------
10:06:51.041 [main] INFO  esp.genericLibraries.BaseClass - *****************Logout from the application***************
10:06:56.962 [main] INFO  esp.genericLibraries.BaseClass - **********Closing the Browser**********
10:16:28.474 [main] INFO  esp.genericLibraries.BaseClass - *****************Launching the Browser*************************
