22:56:20.854 [main] DEBUG com.newHire.NewHireTest -                 
22:56:20.860 [main] DEBUG com.newHire.NewHireTest - ---------Validate the error message----------
22:56:20.860 [main] DEBUG com.newHire.NewHireTest -                 
22:56:20.861 [main] INFO  com.newHire.NewHireTest - Actual error message is :Employment Status cannot be empty
22:56:20.861 [main] INFO  com.newHire.NewHireTest - ------Verify error for not picking employment status :-test ended-------
22:56:21.418 [main] INFO  esp.genericLibraries.BaseClass - *****************Logout from the application***************
22:56:21.419 [main] INFO  esp.genericLibraries.BaseClass - ******************Login to the application********************
22:56:22.491 [main] DEBUG com.newHire.NewHireTest - ------Verify error for not picking FTE Equivalent:-test started--------
22:56:25.283 [main] DEBUG com.newHire.NewHireTest - Expected error message is :FTE Equivalent(Weekly Hours) cannot be empty
22:56:25.338 [main] DEBUG com.newHire.NewHireTest - -------Validate the error message----------
22:56:25.338 [main] DEBUG com.newHire.NewHireTest -                 
22:56:25.339 [main] INFO  com.newHire.NewHireTest - Actual error message is :FTE Equivalent(Weekly Hours) cannot be empty
22:56:25.340 [main] INFO  com.newHire.NewHireTest - ------Verify error for not picking FTE Equivalent:-test ended--------
22:56:25.936 [main] INFO  esp.genericLibraries.BaseClass - *****************Logout from the application***************
22:56:25.938 [main] INFO  esp.genericLibraries.BaseClass - ******************Login to the application********************
22:56:26.964 [main] DEBUG com.newHire.NewHireTest - --------Verify error message for not picking Legal Entity:-test started----------
22:56:30.191 [main] DEBUG com.newHire.NewHireTest - Expected error message is :Legal Entity cannot be empty
22:56:30.271 [main] DEBUG com.newHire.NewHireTest -                 
22:56:30.271 [main] DEBUG com.newHire.NewHireTest - ---------Validate the error message----------
22:56:30.272 [main] DEBUG com.newHire.NewHireTest -                 
22:56:30.272 [main] INFO  com.newHire.NewHireTest - Actual error message is :Legal Entity cannot be empty
22:56:30.272 [main] DEBUG com.newHire.NewHireTest - --------Verify error message for not picking Legal Entity:-test ended----------
22:56:30.841 [main] INFO  esp.genericLibraries.BaseClass - *****************Logout from the application***************
22:56:30.842 [main] INFO  esp.genericLibraries.BaseClass - ******************Login to the application********************
22:56:31.769 [main] DEBUG com.newHire.NewHireTest - --------Verify error for not picking location:-test started----------
22:56:34.585 [main] DEBUG com.newHire.NewHireTest - Expected error message is :Location cannot be empty
22:56:34.628 [main] DEBUG com.newHire.NewHireTest -                 
22:56:34.628 [main] DEBUG com.newHire.NewHireTest - -------Validate the error message-------
22:56:34.628 [main] DEBUG com.newHire.NewHireTest -                 
22:56:34.628 [main] INFO  com.newHire.NewHireTest - Actual error message is :Location cannot be empty
22:56:34.628 [main] INFO  com.newHire.NewHireTest - --------Verify error for not picking location:-test ended----------
22:56:35.279 [main] INFO  esp.genericLibraries.BaseClass - *****************Logout from the application***************
22:56:35.279 [main] INFO  esp.genericLibraries.BaseClass - ******************Login to the application********************
22:56:36.518 [main] DEBUG com.newHire.NewHireTest - ------Verify error for picking DOB < 18 years:-test started-----
22:56:53.477 [main] DEBUG com.newHire.NewHireTest - Error message should be displayed as :DOB should be greater than 18 years.
22:56:53.477 [main] DEBUG com.newHire.NewHireTest -                  
22:56:53.477 [main] DEBUG com.newHire.NewHireTest - ----------Validate error message------------
22:57:24.327 [main] INFO  esp.genericLibraries.BaseClass - *****************Logout from the application***************
22:57:24.328 [main] INFO  esp.genericLibraries.BaseClass - ******************Login to the application********************
22:57:25.483 [main] DEBUG com.newHire.NewHireTest - ---------Verify error message for keeping first name blank:- test started------------
22:57:27.811 [main] INFO  com.newHire.NewHireTest - Expected error message is :First Name cannot be empty
22:57:27.862 [main] DEBUG com.newHire.NewHireTest - *******Validate the error message********
22:57:27.862 [main] INFO  com.newHire.NewHireTest -                 
22:57:27.863 [main] INFO  com.newHire.NewHireTest - ---------Verify error message for keeping first name blank:- test ended------------
22:57:28.556 [main] INFO  esp.genericLibraries.BaseClass - *****************Logout from the application***************
22:57:28.556 [main] INFO  esp.genericLibraries.BaseClass - ******************Login to the application********************
22:57:29.567 [main] DEBUG com.newHire.NewHireTest - ------Verify error message for keeping last name blank :-test started--------
22:57:32.416 [main] DEBUG com.newHire.NewHireTest - Expected error message is :First Name cannot be empty
