17:40:28.483 [main] INFO  esp.genericLibraries.BaseClass - ----------LegalEntityMandatory Test ended---------
17:40:29.171 [main] INFO  esp.genericLibraries.BaseClass - *****************Logout from the application***************
17:40:29.172 [main] INFO  esp.genericLibraries.BaseClass - ******************Login to the application********************
17:40:30.722 [main] INFO  esp.genericLibraries.BaseClass - ----------LocationMandatory Test Started---------
17:40:31.991 [main] INFO  esp.genericLibraries.BaseClass - Expected error message is :Location cannot be empty
17:40:32.701 [main] INFO  esp.genericLibraries.BaseClass - Actual error message is :Location cannot be empty
17:40:32.701 [main] INFO  esp.genericLibraries.BaseClass - ----------LocationMandatory Test ended---------
17:40:33.360 [main] INFO  esp.genericLibraries.BaseClass - *****************Logout from the application***************
17:40:33.361 [main] INFO  esp.genericLibraries.BaseClass - ******************Login to the application********************
17:40:35.031 [main] INFO  esp.genericLibraries.BaseClass - ----------reportingHiringManagerMandatory Test Started---------
17:40:36.489 [main] INFO  esp.genericLibraries.BaseClass - Expected error message is :Reporting/Hiring Manager cannot be empty
17:40:37.177 [main] INFO  esp.genericLibraries.BaseClass - Actual error message is :Reporting/Hiring Manager cannot be empty
17:40:37.177 [main] INFO  esp.genericLibraries.BaseClass - ----------reportingHiringManagerMandatory Test ended---------
17:40:37.831 [main] INFO  esp.genericLibraries.BaseClass - *****************Logout from the application***************
17:40:37.832 [main] INFO  esp.genericLibraries.BaseClass - ******************Login to the application********************
17:40:39.335 [main] DEBUG esp.genericLibraries.BaseClass - -------Validate Compensation Test started-------
17:40:43.047 [main] INFO  esp.genericLibraries.BaseClass - -------Validate Compensation Test ended-------
17:40:43.534 [main] INFO  esp.genericLibraries.BaseClass - *****************Logout from the application***************
17:40:43.535 [main] INFO  esp.genericLibraries.BaseClass - ******************Login to the application********************
17:40:44.985 [main] INFO  esp.genericLibraries.BaseClass - -------verifyTitleDropdownValues Test started-------
17:40:47.539 [main] DEBUG esp.genericLibraries.BaseClass - Expected title values are :[Mr., Ms., Mrs., Dr., Jr., Col., Lt.Col., Brig., Maj, Prof., Capt., Master, Lt.CDR.]
17:40:48.078 [main] DEBUG esp.genericLibraries.BaseClass - ----------Validate the actual values----------
17:40:48.078 [main] INFO  esp.genericLibraries.BaseClass - Actual values are :[Mr., Ms., Mrs., Dr., Jr., Col., Lt.Col., Brig., Maj, Prof., Capt., Master, Lt.CDR.]
17:40:48.079 [main] INFO  esp.genericLibraries.BaseClass - -------verifyTitleDropdownValues Test ended-------
17:40:48.639 [main] INFO  esp.genericLibraries.BaseClass - *****************Logout from the application***************
17:40:49.442 [main] INFO  esp.genericLibraries.BaseClass - **********Closing the Browser**********
18:30:03.768 [main] INFO  esp.genericLibraries.BaseClass - *****************Launching the Browser*************************
18:30:10.560 [main] INFO  esp.genericLibraries.BaseClass - ******************Login to the application********************
18:30:14.557 [main] INFO  esp.genericLibraries.BaseClass - ----------submitContactDetailsAndValidate Test Started---------
18:30:48.988 [main] INFO  esp.genericLibraries.BaseClass - *****************Logout from the application***************
18:30:49.756 [main] INFO  esp.genericLibraries.BaseClass - **********Closing the Browser**********
18:32:27.021 [main] INFO  esp.genericLibraries.BaseClass - *****************Launching the Browser*************************
18:32:33.549 [main] INFO  esp.genericLibraries.BaseClass - ******************Login to the application********************
18:32:37.271 [main] DEBUG esp.genericLibraries.BaseClass - ---------submit New Hire Form and validate all mandatory fields are selected----------
18:33:27.399 [main] INFO  esp.genericLibraries.BaseClass - The page title is :--Hire Summary for Karan Test (#EM851101)
18:33:27.950 [main] INFO  esp.genericLibraries.BaseClass - *****************Logout from the application***************
18:33:27.952 [main] INFO  esp.genericLibraries.BaseClass - ******************Login to the application********************
18:33:29.756 [main] INFO  esp.genericLibraries.BaseClass - ----------submitContactDetailsAndValidate Test Started---------
18:37:59.934 [main] INFO  esp.genericLibraries.BaseClass - *****************Launching the Browser*************************
18:38:06.820 [main] INFO  esp.genericLibraries.BaseClass - ******************Login to the application********************
18:38:10.810 [main] INFO  esp.genericLibraries.BaseClass - ----------submitContactDetailsAndValidate Test Started---------
18:40:14.237 [main] INFO  esp.genericLibraries.BaseClass - *****************Launching the Browser*************************
