21:38:06.852 [main] DEBUG esp.genericLibraries.BaseClass - ------submitFormWithKeepingLegalEntityNameBlank:-test started-------
21:38:12.756 [main] DEBUG esp.genericLibraries.BaseClass - Expected error message is :Effective From cannot be empty
21:38:13.070 [main] INFO  esp.genericLibraries.BaseClass - Actual error message is :Effective From cannot be empty
21:38:13.976 [main] INFO  esp.genericLibraries.BaseClass - *****************Logout from the application***************
21:38:19.533 [main] INFO  esp.genericLibraries.BaseClass - **********Closing the Browser**********
21:48:38.302 [main] INFO  esp.genericLibraries.BaseClass - *****************Launching the Browser*************************
21:48:45.166 [main] INFO  esp.genericLibraries.BaseClass - ******************Login to the application********************
21:48:49.060 [main] DEBUG esp.genericLibraries.BaseClass - ------submitFormWithoutPickingCountry:-test started-------
21:48:51.913 [main] DEBUG esp.genericLibraries.BaseClass - Expected error message is :Country cannot be empty
21:48:51.975 [main] INFO  esp.genericLibraries.BaseClass - Actual error message is :Country cannot be empty
21:48:51.975 [main] INFO  esp.genericLibraries.BaseClass - ---------submitFormWithoutPickingCountry :test ended------------
22:02:15.729 [main] INFO  esp.genericLibraries.BaseClass - *****************Launching the Browser*************************
22:02:23.113 [main] INFO  esp.genericLibraries.BaseClass - ******************Login to the application********************
22:02:27.031 [main] DEBUG esp.genericLibraries.BaseClass - ------submitFormWithKeepingRemarksBlank:-test started-------
22:02:33.178 [main] DEBUG esp.genericLibraries.BaseClass - Expected error message is :Remarks cannot be empty
22:02:33.215 [main] DEBUG esp.genericLibraries.BaseClass - --------Validate the error message--------
22:02:33.217 [main] INFO  esp.genericLibraries.BaseClass - Actual error message is :Remarks cannot be empty
22:02:33.217 [main] INFO  esp.genericLibraries.BaseClass - ------submitFormWithKeepingRemarksBlank:-test ended-------
22:12:12.951 [main] INFO  esp.genericLibraries.BaseClass - *****************Launching the Browser*************************
22:12:20.291 [main] INFO  esp.genericLibraries.BaseClass - ******************Login to the application********************
22:12:24.971 [main] DEBUG esp.genericLibraries.BaseClass - ------submitFormWithKeepingRemarksBlank:-test started-------
22:12:31.051 [main] DEBUG esp.genericLibraries.BaseClass - Expected error message is :Remarks cannot be empty
22:12:31.143 [main] DEBUG esp.genericLibraries.BaseClass - --------Validate the error message--------
22:12:31.152 [main] INFO  esp.genericLibraries.BaseClass - Actual error message is :Remarks cannot be empty
22:12:31.446 [main] INFO  esp.genericLibraries.BaseClass - ------submitFormWithKeepingRemarksBlank:-test ended-------
22:12:32.307 [main] INFO  esp.genericLibraries.BaseClass - *****************Logout from the application***************
22:12:36.935 [main] INFO  esp.genericLibraries.BaseClass - **********Closing the Browser**********
08:44:54.658 [main] INFO  esp.genericLibraries.BaseClass - *****************Launching the Browser*************************
08:45:22.664 [main] INFO  esp.genericLibraries.BaseClass - ******************Login to the application********************
08:45:29.711 [main] DEBUG esp.genericLibraries.BaseClass - -------printAndVerifyAdminValues : Test Started-------
08:45:36.084 [main] INFO  esp.genericLibraries.BaseClass - Expected values are :[People, Projects, Offers, New Hire, Relieving, Reports, Analytics, Password Management, Payroll, Configuration Setup]
08:45:36.084 [main] DEBUG esp.genericLibraries.BaseClass -     
08:45:36.084 [main] DEBUG esp.genericLibraries.BaseClass - ------Validate the expected values with actual values-------
08:45:36.084 [main] DEBUG esp.genericLibraries.BaseClass -     
08:45:36.086 [main] DEBUG esp.genericLibraries.BaseClass -     
08:45:36.086 [main] INFO  esp.genericLibraries.BaseClass - Actual values are :[, , , , , , , , , ]
08:45:36.086 [main] INFO  esp.genericLibraries.BaseClass - ------printAndVerifyAdminValues : Test Ended-------
08:45:37.223 [main] INFO  esp.genericLibraries.BaseClass - *****************Logout from the application***************
08:45:37.224 [main] INFO  esp.genericLibraries.BaseClass - ******************Login to the application********************
08:45:38.508 [main] DEBUG esp.genericLibraries.BaseClass - ------submitExistingLegalEntity:-test started-------
08:45:44.654 [main] DEBUG esp.genericLibraries.BaseClass - -------Validate the error message------
08:45:45.523 [main] INFO  esp.genericLibraries.BaseClass - *****************Logout from the application***************
08:45:45.524 [main] INFO  esp.genericLibraries.BaseClass - ******************Login to the application********************
08:45:46.619 [main] DEBUG esp.genericLibraries.BaseClass - ------submitFormWithKeepingLegalEntityNameBlank:-test started-------
